SF:lib\sdui_protocol\last_upload.dart
DA:6,1
DA:7,2
DA:10,2
DA:12,2
DA:15,1
LF:5
LH:5
end_of_record
SF:lib\util.dart
DA:6,4
DA:7,2
DA:8,2
DA:9,4
DA:13,12
DA:15,6
DA:16,3
DA:18,6
DA:19,6
LF:9
LH:9
end_of_record
SF:lib\sdui_protocol\self.g.dart
DA:9,2
DA:10,1
DA:11,1
DA:12,1
DA:15,2
DA:16,1
DA:17,1
DA:18,1
LF:8
LH:8
end_of_record
SF:lib\sdui_protocol\self.dart
DA:14,1
DA:16,2
DA:18,1
DA:19,4
DA:20,3
DA:21,1
DA:24,2
DA:27,0
DA:28,0
DA:30,1
DA:31,10
DA:33,0
DA:34,0
LF:13
LH:9
end_of_record
SF:lib\substitute\manager.dart
DA:7,1
DA:8,2
DA:10,7
DA:12,1
DA:15,2
DA:17,5
DA:19,1
DA:20,1
DA:26,1
DA:27,1
DA:28,2
DA:29,6
DA:31,6
DA:33,1
LF:14
LH:14
end_of_record
SF:lib\substitute\substitute.dart
DA:18,6
DA:19,1
DA:20,1
DA:21,2
DA:24,1
DA:25,6
DA:26,2
DA:30,3
DA:48,0
DA:51,2
DA:62,10
DA:65,2
DA:66,2
DA:67,4
DA:68,6
DA:69,8
DA:72,1
DA:73,1
DA:74,2
DA:75,7
DA:76,1
DA:77,3
DA:78,4
DA:79,4
DA:80,2
DA:81,1
DA:82,2
DA:84,1
DA:85,3
DA:86,3
DA:87,2
DA:89,2
DA:90,4
DA:96,3
DA:97,3
DA:101,2
DA:103,2
DA:106,0
DA:107,0
DA:109,2
DA:110,4
DA:112,8
DA:113,6
DA:114,6
DA:115,10
DA:116,6
DA:117,10
DA:118,6
DA:119,6
DA:120,6
DA:121,6
DA:123,0
DA:124,0
DA:126,1
DA:127,1
DA:128,1
DA:130,1
DA:131,2
DA:132,1
DA:133,3
DA:134,1
DA:135,1
DA:136,3
DA:138,5
DA:142,3
DA:143,3
DA:145,9
DA:147,8
DA:149,2
DA:150,6
DA:151,8
DA:152,10
DA:154,10
LF:73
LH:68
end_of_record
SF:lib\substitute\substitute.g.dart
DA:9,2
DA:10,1
DA:11,2
DA:12,1
DA:13,4
DA:14,1
DA:15,4
DA:16,1
DA:17,1
DA:18,2
DA:19,2
DA:22,1
DA:23,1
DA:24,1
DA:25,2
DA:26,1
DA:27,1
DA:28,1
DA:29,1
DA:30,1
DA:31,1
DA:32,2
DA:33,2
LF:23
LH:23
end_of_record
SF:lib\substitute\time.dart
DA:14,3
DA:16,2
DA:18,1
DA:19,1
DA:20,2
DA:21,1
DA:22,2
DA:23,2
DA:24,4
DA:25,3
DA:32,2
DA:35,0
DA:36,0
DA:38,3
DA:39,9
DA:41,1
DA:42,7
DA:44,0
DA:45,0
LF:19
LH:15
end_of_record
SF:lib\substitute\time.g.dart
DA:9,2
DA:10,1
DA:11,1
DA:14,2
DA:15,1
DA:16,1
LF:6
LH:6
end_of_record
