SF:lib\protocol\last_upload.dart
DA:6,1
DA:7,2
DA:10,2
DA:12,2
DA:15,1
LF:5
LH:5
end_of_record
SF:lib\util.dart
DA:10,4
DA:11,2
DA:12,2
DA:13,4
DA:17,12
DA:19,6
DA:20,3
DA:22,6
DA:23,6
LF:9
LH:9
end_of_record
SF:lib\substitute\time.dart
DA:15,3
DA:16,6
DA:17,6
DA:20,2
DA:22,1
DA:23,1
DA:24,2
DA:25,1
DA:26,2
DA:27,2
DA:28,4
DA:29,3
DA:30,4
DA:31,4
DA:38,2
DA:41,0
DA:42,0
DA:44,3
DA:45,9
DA:47,1
DA:48,7
DA:50,0
DA:51,0
LF:23
LH:19
end_of_record
SF:lib\substitute\time.g.dart
DA:9,2
DA:10,1
DA:11,1
DA:12,3
DA:13,3
DA:16,2
DA:17,1
DA:18,1
DA:19,2
DA:20,2
LF:10
LH:10
end_of_record
SF:lib\protocol\self.g.dart
DA:9,2
DA:10,1
DA:11,1
DA:12,1
DA:15,2
DA:16,1
DA:17,1
DA:18,1
LF:8
LH:8
end_of_record
SF:lib\protocol\self.dart
DA:14,1
DA:16,2
DA:18,1
DA:19,4
DA:20,3
DA:21,1
DA:24,2
DA:27,0
DA:28,0
DA:30,1
DA:31,10
DA:33,0
DA:34,0
LF:13
LH:9
end_of_record
SF:lib\substitute\manager.dart
DA:8,1
DA:9,2
DA:11,7
DA:13,1
DA:16,2
DA:18,5
DA:20,4
DA:21,1
DA:28,1
DA:29,1
DA:30,2
DA:31,6
DA:33,6
DA:35,1
LF:14
LH:14
end_of_record
SF:lib\substitute\substitute.dart
DA:20,6
DA:21,1
DA:22,1
DA:23,2
DA:26,1
DA:27,6
DA:28,2
DA:31,3
DA:33,2
DA:51,0
DA:54,2
DA:64,10
DA:67,2
DA:68,2
DA:69,8
DA:70,10
DA:71,8
DA:74,1
DA:75,1
DA:76,2
DA:78,7
DA:79,1
DA:80,3
DA:81,4
DA:82,4
DA:83,2
DA:84,1
DA:85,2
DA:87,1
DA:88,3
DA:89,3
DA:90,2
DA:92,4
DA:98,3
DA:99,3
DA:103,2
DA:105,2
DA:108,0
DA:109,0
DA:111,2
DA:112,4
DA:114,8
DA:115,6
DA:116,6
DA:117,10
DA:118,6
DA:119,10
DA:120,6
DA:121,6
DA:122,6
DA:124,0
DA:125,0
DA:127,1
DA:128,1
DA:129,1
DA:131,1
DA:132,2
DA:133,1
DA:134,3
DA:135,1
DA:136,1
DA:137,4
DA:139,5
DA:143,0
DA:144,0
DA:145,0
DA:147,0
DA:149,0
DA:151,0
DA:152,0
DA:159,3
DA:160,3
DA:162,10
DA:164,0
DA:165,0
DA:166,0
DA:167,0
DA:168,0
DA:169,0
DA:170,0
DA:171,0
DA:172,0
DA:175,8
DA:177,2
DA:178,6
DA:179,8
DA:180,10
DA:182,10
LF:88
LH:67
end_of_record
SF:lib\substitute\substitute.g.dart
DA:9,2
DA:10,1
DA:11,2
DA:12,1
DA:13,4
DA:14,1
DA:15,4
DA:16,1
DA:17,2
DA:18,2
DA:21,1
DA:22,1
DA:23,1
DA:24,2
DA:25,1
DA:26,1
DA:27,1
DA:28,1
DA:29,1
DA:30,2
DA:31,2
LF:21
LH:21
end_of_record
